<?xml version="1.0" encoding="UTF-8"?>
<!-- Generated by org.testng.reporters.JUnitReportReporter -->
<testsuite hostname="LAPTOP-2FTNVRRG" failures="0" tests="1" name="com.qa.resttests.TC02_POST" time="1.835" errors="0" timestamp="2020-11-20T22:54:22 PST" skipped="0">
  <testcase classname="com.qa.resttests.TC02_POST" name="postdata" time="1.835"/>
  <system-out/>
</testsuite> <!-- com.qa.resttests.TC02_POST -->
