<?xml version="1.0" encoding="UTF-8"?>
<!-- Generated by org.testng.reporters.JUnitReportReporter -->
<testsuite hostname="LAPTOP-2FTNVRRG" failures="0" tests="1" name="com.qa.localhostcostco.P1_get" time="1.429" errors="0" timestamp="2021-01-05T13:43:49 PST" skipped="0">
  <testcase classname="com.qa.localhostcostco.P1_get" name="getTest" time="1.429"/>
  <system-out/>
</testsuite> <!-- com.qa.localhostcostco.P1_get -->
