<?xml version="1.0" encoding="UTF-8"?>
<!-- Generated by org.testng.reporters.JUnitReportReporter -->
<testsuite hostname="LAPTOP-2FTNVRRG" failures="0" tests="2" name="com.qa.basictests.DataProviderTest" time="1.689" errors="0" timestamp="2020-10-31T12:23:10 PDT" skipped="0">
  <testcase classname="com.qa.basictests.DataProviderTest" name="post" time="0.031"/>
  <system-out/>
  <testcase classname="com.qa.basictests.DataProviderTest" name="post" time="1.658"/>
  <system-out/>
</testsuite> <!-- com.qa.basictests.DataProviderTest -->
