<?xml version="1.0" encoding="UTF-8"?>
<!-- Generated by org.testng.reporters.JUnitReportReporter -->
<testsuite hostname="LAPTOP-2FTNVRRG" failures="0" tests="1" name="com.qa.basictests.GetPostPutPatchDelete" time="8.842" errors="0" timestamp="2020-11-10T21:45:13 PST" skipped="0">
  <testcase classname="com.qa.basictests.GetPostPutPatchDelete" name="Post" time="8.842"/>
  <system-out/>
</testsuite> <!-- com.qa.basictests.GetPostPutPatchDelete -->
