<?xml version="1.0" encoding="UTF-8"?>
<!-- Generated by org.testng.reporters.JUnitReportReporter -->
<testsuite hostname="LAPTOP-2FTNVRRG" failures="0" tests="4" name="com.qa.basictests.test03_POST" time="4.257" errors="0" timestamp="2020-10-31T00:50:27 PDT" skipped="0">
  <testcase classname="com.qa.basictests.test03_POST" name="Post" time="2.665"/>
  <system-out/>
  <testcase classname="com.qa.basictests.test03_POST" name="patch" time="0.531"/>
  <system-out/>
  <testcase classname="com.qa.basictests.test03_POST" name="put" time="0.491"/>
  <system-out/>
  <testcase classname="com.qa.basictests.test03_POST" name="delete" time="0.570"/>
  <system-out/>
</testsuite> <!-- com.qa.basictests.test03_POST -->
