<?xml version="1.0" encoding="UTF-8"?>
<!-- Generated by org.testng.reporters.JUnitReportReporter -->
<testsuite hostname="LAPTOP-2FTNVRRG" failures="0" tests="1" name="com.qa.resttests.TC01_Get" time="2.531" errors="0" timestamp="2020-11-22T23:05:52 PST" skipped="0">
  <testcase classname="com.qa.resttests.TC01_Get" name="getRequest" time="2.531"/>
  <system-out/>
</testsuite> <!-- com.qa.resttests.TC01_Get -->
