<?xml version="1.0" encoding="UTF-8"?>
<!-- Generated by org.testng.reporters.JUnitReportReporter -->
<testsuite hostname="LAPTOP-2FTNVRRG" failures="0" tests="3" name="com.qa.basictests.DataDrivenTest" time="1.705" errors="0" timestamp="2020-10-31T12:12:28 PDT" skipped="0">
  <testcase classname="com.qa.basictests.DataDrivenTest" name="delete" time="1.642"/>
  <system-out/>
  <testcase classname="com.qa.basictests.DataDrivenTest" name="delete" time="0.028"/>
  <system-out/>
  <testcase classname="com.qa.basictests.DataDrivenTest" name="delete" time="0.035"/>
  <system-out/>
</testsuite> <!-- com.qa.basictests.DataDrivenTest -->
