<?xml version="1.0" encoding="UTF-8"?>
<!-- Generated by org.testng.reporters.JUnitReportReporter -->
<testsuite hostname="LAPTOP-2FTNVRRG" failures="0" tests="1" name="com.qa.localhostcostco.P3_put" time="1.490" errors="0" timestamp="2021-01-05T15:00:17 PST" skipped="0">
  <testcase classname="com.qa.localhostcostco.P3_put" name="putTest" time="1.490"/>
  <system-out/>
</testsuite> <!-- com.qa.localhostcostco.P3_put -->
