<?xml version="1.0" encoding="UTF-8"?>
<!-- Generated by org.testng.reporters.JUnitReportReporter -->
<testsuite hostname="LAPTOP-2FTNVRRG" failures="0" tests="1" name="com.qa.localhostcostco.P5_delete" time="1.445" errors="0" timestamp="2021-01-05T15:20:13 PST" skipped="0">
  <testcase classname="com.qa.localhostcostco.P5_delete" name="deleteTest" time="1.445"/>
  <system-out/>
</testsuite> <!-- com.qa.localhostcostco.P5_delete -->
