<?xml version="1.0" encoding="UTF-8"?>
<!-- Generated by org.testng.reporters.JUnitReportReporter -->
<testsuite hostname="LAPTOP-2FTNVRRG" failures="0" tests="1" name="com.qa.basictests.parameterization" time="1.900" errors="0" timestamp="2020-10-31T12:43:43 PDT" skipped="0">
  <testcase classname="com.qa.basictests.parameterization" name="delete" time="1.900"/>
  <system-out/>
</testsuite> <!-- com.qa.basictests.parameterization -->
