<?xml version="1.0" encoding="UTF-8"?>
<!-- Generated by org.testng.reporters.JUnitReportReporter -->
<testsuite hostname="LAPTOP-2FTNVRRG" failures="0" tests="1" name="com.qa.basictests.Examples" time="1.978" errors="0" timestamp="2020-10-31T11:05:22 PDT" skipped="0">
  <testcase classname="com.qa.basictests.Examples" name="test_patch" time="1.978"/>
  <system-out/>
</testsuite> <!-- com.qa.basictests.Examples -->
