<?xml version="1.0" encoding="UTF-8"?>
<!-- Generated by org.testng.reporters.JUnitReportReporter -->
<testsuite hostname="LAPTOP-2FTNVRRG" failures="0" tests="1" name="com.qa.localhostcostco.P2_post" time="1.423" errors="0" timestamp="2021-01-05T14:38:35 PST" skipped="0">
  <testcase classname="com.qa.localhostcostco.P2_post" name="postTest" time="1.423"/>
  <system-out/>
</testsuite> <!-- com.qa.localhostcostco.P2_post -->
