<?xml version="1.0" encoding="UTF-8"?>
<!-- Generated by org.testng.reporters.JUnitReportReporter -->
<testsuite hostname="LAPTOP-2FTNVRRG" failures="0" tests="1" name="com.qa.localhostcostco.P4_patch" time="1.502" errors="0" timestamp="2021-01-05T15:12:42 PST" skipped="0">
  <testcase classname="com.qa.localhostcostco.P4_patch" name="patchTest" time="1.502"/>
  <system-out/>
</testsuite> <!-- com.qa.localhostcostco.P4_patch -->
